<?xml version="1.0" encoding="UTF-8"?>
<!-- Generated by org.testng.reporters.JUnitXMLReporter -->
<testsuite ignored="0" hostname="IN-PG02P5S6" failures="0" tests="5" name="Default test" time="27.83" errors="0" timestamp="2022-03-05T14:09:50 IST">
  <testcase classname="com.Selenium_assignment.tests.LoginPageTest" name="Loginvalidmailid" time="1.691"/>
  <testcase classname="com.Selenium_assignment.tests.LoginPageTest" name="LoginValidmailid" time="4.998"/>
  <testcase classname="com.Selenium_assignment.tests.LoginPageTest" name="LogininValidPassword" time="5.459"/>
  <testcase classname="com.Selenium_assignment.tests.LoginPageTest" name="Logblankuser" time="1.011"/>
  <testcase classname="com.Selenium_assignment.tests.LoginPageTest" name="Loginblankpass" time="2.504"/>
</testsuite> <!-- Default test -->
