<?xml version="1.0" encoding="UTF-8"?>
<testsuite xmlns:xsi="http://www.w3.org/2001/XMLSchema-instance" xsi:noNamespaceSchemaLocation="https://maven.apache.org/surefire/maven-surefire-plugin/xsd/surefire-test-report.xsd" name="TestSuite" time="2.44" tests="8" errors="0" skipped="7" failures="1">
  <properties>
[...]
</properties>
  <testcase name="initializeWebDriver" classname="com.Selenium_assignment.tests.BaseTest" time="2.303">
    <failure message="session not created: This version of ChromeDriver only supports Chrome version 98&#10;Current browser version is 101.0.4951.67 with binary path C:\Users\tanugupta02\AppData\Local\Google\Chrome\Application\chrome.exe&#10;Build info: version: &apos;3.141.59&apos;, revision: &apos;e82be7d358&apos;, time: &apos;2018-11-14T08:17:03&apos;&#10;System info: host: &apos;IN-PG02P5S6&apos;, ip: &apos;192.168.1.5&apos;, os.name: &apos;Windows 10&apos;, os.arch: &apos;amd64&apos;, os.version: &apos;10.0&apos;, java.version: &apos;11.0.1&apos;&#10;Driver info: driver.version: ChromeDriver&#10;remote stacktrace: Backtrace:&#10;	Ordinal0 [0x00BD69A3+2582947]&#10;	Ordinal0 [0x00B6A6D1+2139857]&#10;	Ordinal0 [0x00A63A98+1063576]&#10;	Ordinal0 [0x00A833B8+1192888]&#10;	Ordinal0 [0x00A7F235+1176117]&#10;	Ordinal0 [0x00A7C9E1+1165793]&#10;	Ordinal0 [0x00AACFFF+1363967]&#10;	Ordinal0 [0x00AACC2A+1362986]&#10;	Ordinal0 [0x00AA8366+1344358]&#10;	Ordinal0 [0x00A85176+1200502]&#10;	Ordinal0 [0x00A86066+1204326]&#10;	GetHandleVerifier [0x00D7BE02+1675858]&#10;	GetHandleVerifier [0x00E3036C+2414524]&#10;	GetHandleVerifier [0x00C6BB01+560977]&#10;	GetHandleVerifier [0x00C6A8D3+556323]&#10;	Ordinal0 [0x00B7020E+2163214]&#10;	Ordinal0 [0x00B75078+2183288]&#10;	Ordinal0 [0x00B751C0+2183616]&#10;	Ordinal0 [0x00B7EE1C+2223644]&#10;	BaseThreadInitThunk [0x75A06739+25]&#10;	RtlGetFullPathName_UEx [0x775C8FEF+1215]&#10;	RtlGetFullPathName_UEx [0x775C8FBD+1165]&#10;" type="org.openqa.selenium.SessionNotCreatedException">org.openqa.selenium.SessionNotCreatedException: 
session not created: This version of ChromeDriver only supports Chrome version 98
Current browser version is 101.0.4951.67 with binary path C:\Users\tanugupta02\AppData\Local\Google\Chrome\Application\chrome.exe
Build info: version: '3.141.59', revision: 'e82be7d358', time: '2018-11-14T08:17:03'
System info: host: 'IN-PG02P5S6', ip: '192.168.1.5', os.name: 'Windows 10', os.arch: 'amd64', os.version: '10.0', java.version: '11.0.1'
Driver info: driver.version: ChromeDriver
remote stacktrace: Backtrace:
	Ordinal0 [0x00BD69A3+2582947]
	Ordinal0 [0x00B6A6D1+2139857]
	Ordinal0 [0x00A63A98+1063576]
	Ordinal0 [0x00A833B8+1192888]
	Ordinal0 [0x00A7F235+1176117]
	Ordinal0 [0x00A7C9E1+1165793]
	Ordinal0 [0x00AACFFF+1363967]
	Ordinal0 [0x00AACC2A+1362986]
	Ordinal0 [0x00AA8366+1344358]
	Ordinal0 [0x00A85176+1200502]
	Ordinal0 [0x00A86066+1204326]
	GetHandleVerifier [0x00D7BE02+1675858]
	GetHandleVerifier [0x00E3036C+2414524]
	GetHandleVerifier [0x00C6BB01+560977]
	GetHandleVerifier [0x00C6A8D3+556323]
	Ordinal0 [0x00B7020E+2163214]
	Ordinal0 [0x00B75078+2183288]
	Ordinal0 [0x00B751C0+2183616]
	Ordinal0 [0x00B7EE1C+2223644]
	BaseThreadInitThunk [0x75A06739+25]
	RtlGetFullPathName_UEx [0x775C8FEF+1215]
	RtlGetFullPathName_UEx [0x775C8FBD+1165]

	at com.Selenium_assignment.tests.BaseTest.initializeWebDriver(BaseTest.java:85)
</failure>
    <system-err><![CDATA[Starting ChromeDriver 98.0.4758.102 (273bf7ac8c909cde36982d27f66f3c70846a3718-refs/branch-heads/4758@{#1151}) on port 23402
Only local connections are allowed.
Please see https://chromedriver.chromium.org/security-considerations for suggestions on keeping ChromeDriver safe.
ChromeDriver was started successfully.
]]></system-err>
  </testcase>
  <testcase name="setExtent" classname="com.Selenium_assignment.tests.BaseTest" time="0">
    <skipped/>
  </testcase>
  <testcase name="openurl" classname="com.Selenium_assignment.tests.HomePageTest" time="0">
    <skipped/>
  </testcase>
  <testcase name="testAmazonLogo" classname="com.Selenium_assignment.tests.HomePageTest" time="0">
    <skipped message="session not created: This version of ChromeDriver only supports Chrome version 98&#10;Current browser version is 101.0.4951.67 with binary path C:\Users\tanugupta02\AppData\Local\Google\Chrome\Application\chrome.exe&#10;Build info: version: &apos;3.141.59&apos;, revision: &apos;e82be7d358&apos;, time: &apos;2018-11-14T08:17:03&apos;&#10;System info: host: &apos;IN-PG02P5S6&apos;, ip: &apos;192.168.1.5&apos;, os.name: &apos;Windows 10&apos;, os.arch: &apos;amd64&apos;, os.version: &apos;10.0&apos;, java.version: &apos;11.0.1&apos;&#10;Driver info: driver.version: ChromeDriver&#10;remote stacktrace: Backtrace:&#10;	Ordinal0 [0x00BD69A3+2582947]&#10;	Ordinal0 [0x00B6A6D1+2139857]&#10;	Ordinal0 [0x00A63A98+1063576]&#10;	Ordinal0 [0x00A833B8+1192888]&#10;	Ordinal0 [0x00A7F235+1176117]&#10;	Ordinal0 [0x00A7C9E1+1165793]&#10;	Ordinal0 [0x00AACFFF+1363967]&#10;	Ordinal0 [0x00AACC2A+1362986]&#10;	Ordinal0 [0x00AA8366+1344358]&#10;	Ordinal0 [0x00A85176+1200502]&#10;	Ordinal0 [0x00A86066+1204326]&#10;	GetHandleVerifier [0x00D7BE02+1675858]&#10;	GetHandleVerifier [0x00E3036C+2414524]&#10;	GetHandleVerifier [0x00C6BB01+560977]&#10;	GetHandleVerifier [0x00C6A8D3+556323]&#10;	Ordinal0 [0x00B7020E+2163214]&#10;	Ordinal0 [0x00B75078+2183288]&#10;	Ordinal0 [0x00B751C0+2183616]&#10;	Ordinal0 [0x00B7EE1C+2223644]&#10;	BaseThreadInitThunk [0x75A06739+25]&#10;	RtlGetFullPathName_UEx [0x775C8FEF+1215]&#10;	RtlGetFullPathName_UEx [0x775C8FBD+1165]&#10;"/>
  </testcase>
  <testcase name="attachScreenshot" classname="com.Selenium_assignment.tests.HomePageTest" time="0">
    <skipped/>
  </testcase>
  <testcase name="endTest" classname="com.Selenium_assignment.tests.HomePageTest" time="0">
    <skipped/>
  </testcase>
  <testcase name="closeBrowser" classname="com.Selenium_assignment.tests.BaseTest" time="0">
    <skipped/>
  </testcase>
  <testcase name="endReport" classname="com.Selenium_assignment.tests.BaseTest" time="0">
    <skipped/>
  </testcase>
</testsuite>